0 info it worked if it ends with ok
1 verbose cli [ 'node', '/usr/local/bin/npm', 'install', '-g', 'generator-bat' ]
2 info using npm@1.4.9
3 info using node@v0.10.28
4 verbose cache add [ 'generator-bat', null ]
5 verbose cache add name=undefined spec="generator-bat" args=["generator-bat",null]
6 verbose parsed url { protocol: null,
6 verbose parsed url   slashes: null,
6 verbose parsed url   auth: null,
6 verbose parsed url   host: null,
6 verbose parsed url   port: null,
6 verbose parsed url   hostname: null,
6 verbose parsed url   hash: null,
6 verbose parsed url   search: null,
6 verbose parsed url   query: null,
6 verbose parsed url   pathname: 'generator-bat',
6 verbose parsed url   path: 'generator-bat',
6 verbose parsed url   href: 'generator-bat' }
7 silly lockFile c2cb7b8b-generator-bat generator-bat
8 verbose lock generator-bat /Users/raymond/.npm/c2cb7b8b-generator-bat.lock
9 silly lockFile c2cb7b8b-generator-bat generator-bat
10 silly lockFile c2cb7b8b-generator-bat generator-bat
11 verbose addNamed [ 'generator-bat', '' ]
12 verbose addNamed [ null, '*' ]
13 silly lockFile 98ebe020-generator-bat generator-bat@
14 verbose lock generator-bat@ /Users/raymond/.npm/98ebe020-generator-bat.lock
15 silly addNameRange { name: 'generator-bat', range: '*', hasData: false }
16 verbose url raw generator-bat
17 verbose url resolving [ 'https://registry.npmjs.org/', './generator-bat' ]
18 verbose url resolved https://registry.npmjs.org/generator-bat
19 info trying registry request attempt 1 at 10:06:53
20 http GET https://registry.npmjs.org/generator-bat
21 http 200 https://registry.npmjs.org/generator-bat
22 silly registry.get cb [ 200,
22 silly registry.get   { date: 'Fri, 06 Jun 2014 08:06:54 GMT',
22 silly registry.get     server: 'CouchDB/1.5.0 (Erlang OTP/R14B04)',
22 silly registry.get     etag: '"3IUNG6YQ5Q4CIPKGID316K65M"',
22 silly registry.get     'content-type': 'application/json',
22 silly registry.get     via: '1.1 varnish',
22 silly registry.get     'cache-control': 'max-age=1',
22 silly registry.get     'content-length': '4837',
22 silly registry.get     'accept-ranges': 'bytes',
22 silly registry.get     age: '5',
22 silly registry.get     'x-served-by': 'cache-sv95-SJC3, cache-ams4135-AMS',
22 silly registry.get     'x-cache': 'MISS, MISS',
22 silly registry.get     'x-cache-hits': '0, 0',
22 silly registry.get     'x-timer': 'S1402042014.501819,VS0,VE232',
22 silly registry.get     vary: 'Accept',
22 silly registry.get     'keep-alive': 'timeout=10, max=50',
22 silly registry.get     connection: 'Keep-Alive' } ]
23 silly addNameRange number 2 { name: 'generator-bat', range: '*', hasData: true }
24 silly addNameRange versions [ 'generator-bat', [ '0.1.0', '0.1.1' ] ]
25 verbose addNamed [ 'generator-bat', '0.1.1' ]
26 verbose addNamed [ '0.1.1', '0.1.1' ]
27 silly lockFile 342f8c3f-generator-bat-0-1-1 generator-bat@0.1.1
28 verbose lock generator-bat@0.1.1 /Users/raymond/.npm/342f8c3f-generator-bat-0-1-1.lock
29 silly lockFile 342f8c3f-generator-bat-0-1-1 generator-bat@0.1.1
30 silly lockFile 342f8c3f-generator-bat-0-1-1 generator-bat@0.1.1
31 silly lockFile 98ebe020-generator-bat generator-bat@
32 silly lockFile 98ebe020-generator-bat generator-bat@
33 silly resolved [ { name: 'generator-bat',
33 silly resolved     version: '0.1.1',
33 silly resolved     description: 'BAT ( Backbone Application Template ). A yeoman-generator created by Marviq.',
33 silly resolved     keywords: [ 'yeoman-generator', 'marviq', 'backbone', 'browserify' ],
33 silly resolved     homepage: 'https://www.marviq.com',
33 silly resolved     author: { name: 'Raymond de Wit', url: 'http://www.marviq.com' },
33 silly resolved     repository:
33 silly resolved      { type: 'git',
33 silly resolved        url: 'git://github.com/marviq/generator-bat.git' },
33 silly resolved     dependencies:
33 silly resolved      { 'yeoman-generator': '^0.16.0',
33 silly resolved        'coffee-script': '^1.7.1',
33 silly resolved        yosay: '^0.2.1',
33 silly resolved        path: '^0.4.9' },
33 silly resolved     readme: '# generator-bat\n## BAT ( Backbone Application Template )\nEvery got tired of having to bootstrap your new projects over and over again? This Yeoman generator will generate it for you!\n\n## Why would you want to use BAT?\nWhen using the BAT generator you can immediatly start developing your application instead of worrying about setting everything up.\nIt gives you the following things out of the box:\n\n- GruntFile: setup completely including, compass, browserify, yuidoc, uglify, compress etc\n- BackboneJS\n- HandlebarsJS\n- Default project structure\n- Support for browserify shims\n- Watchify\n- Lots more\n\n## Installation:\nThe generator is available in the global NPM:\n\n```shell\nnpm install -g generator-bat \n```\n\n## Usage\n\nTo use this generator you will need the have the following things installed:\n\nYeoman:\n```shell\nnpm install -g yo\n```\n\n### Main generator\nTo start a new project execute the following in your shell:\n\n```shell\nyo bat\n```\n\nIt will ask you some questions, set everything up, do an npm install and your set to go!\n\n### Subgenerators\nThe generator also comes with sub-generators for Backbone models, collections and views.\nWhen using a subgenerator it will also automatically fill in the Yuidoc documentation partly\nusing your GIT username, views require there Handlebar template already etc. Basically it saves you\nalot of time! So use them wisely!\n\n#### Views\nWhen a view is generated it will create for you: {{viewName}}.coffee, {{viewName}}.hbs. These will be placed in \nthe root of the views folder.\n\nOptionally: _{{viewName}}.sass and add it to the _views.sass.\n\n```shell\nyo bat:view\n```\n\n#### Models\nWhen a model is generated it will create a {{modelName}}.coffee file in the root of the models folder.\n\nOptionally: make the model a singleton.\n\n```shell\nyo bat:model\n```\n\n#### Collections\nWhen a collection is generated it will create a {{collectionName}}.coffee file in the root of the collections folder.\n\nOptionally: make the collection a singleton.\n\n```shell\nyo bat:collection\n```\n\n\n\n',
33 silly resolved     readmeFilename: 'README.md',
33 silly resolved     bugs: { url: 'https://github.com/marviq/generator-bat/issues' },
33 silly resolved     _id: 'generator-bat@0.1.1',
33 silly resolved     _shasum: '47b34ad120edb35d7cd064214a2c00262ecdfa04',
33 silly resolved     _from: 'generator-bat@' } ]
34 info install generator-bat@0.1.1 into /usr/local/lib
35 info installOne generator-bat@0.1.1
36 info /usr/local/lib/node_modules/generator-bat unbuild
37 verbose tar unpack /Users/raymond/.npm/generator-bat/0.1.1/package.tgz
38 silly lockFile 20ebbafd-l-lib-node-modules-generator-bat tar:///usr/local/lib/node_modules/generator-bat
39 verbose lock tar:///usr/local/lib/node_modules/generator-bat /Users/raymond/.npm/20ebbafd-l-lib-node-modules-generator-bat.lock
40 silly lockFile ae24d8f2--generator-bat-0-1-1-package-tgz tar:///Users/raymond/.npm/generator-bat/0.1.1/package.tgz
41 verbose lock tar:///Users/raymond/.npm/generator-bat/0.1.1/package.tgz /Users/raymond/.npm/ae24d8f2--generator-bat-0-1-1-package-tgz.lock
42 silly gunzTarPerm modes [ '755', '644' ]
43 error Error: EACCES, mkdir '/usr/local/lib/node_modules/generator-bat'
43 error  { [Error: EACCES, mkdir '/usr/local/lib/node_modules/generator-bat']
43 error   errno: 3,
43 error   code: 'EACCES',
43 error   path: '/usr/local/lib/node_modules/generator-bat',
43 error   fstream_type: 'Directory',
43 error   fstream_path: '/usr/local/lib/node_modules/generator-bat',
43 error   fstream_class: 'DirWriter',
43 error   fstream_stack:
43 error    [ '/usr/local/lib/node_modules/npm/node_modules/fstream/lib/dir-writer.js:36:23',
43 error      '/usr/local/lib/node_modules/npm/node_modules/mkdirp/index.js:37:53',
43 error      'Object.oncomplete (fs.js:107:15)' ] }
44 error Please try running this command again as root/Administrator.
45 error System Darwin 13.2.0
46 error command "node" "/usr/local/bin/npm" "install" "-g" "generator-bat"
47 error cwd /Users/raymond/Sites/Marviq/generators/generator-bat
48 error node -v v0.10.28
49 error npm -v 1.4.9
50 error path /usr/local/lib/node_modules/generator-bat
51 error fstream_path /usr/local/lib/node_modules/generator-bat
52 error fstream_type Directory
53 error fstream_class DirWriter
54 error code EACCES
55 error errno 3
56 error stack Error: EACCES, mkdir '/usr/local/lib/node_modules/generator-bat'
57 error fstream_stack /usr/local/lib/node_modules/npm/node_modules/fstream/lib/dir-writer.js:36:23
57 error fstream_stack /usr/local/lib/node_modules/npm/node_modules/mkdirp/index.js:37:53
57 error fstream_stack Object.oncomplete (fs.js:107:15)
58 verbose exit [ 3, true ]
